
> notion-next@4.9.2 dev
> next dev

  ▲ Next.js 14.2.35
  - Local:        http://localhost:3000
  - Experiments (use with caution):
    · scrollRestoration

 ✓ Starting...
Attention: Next.js now collects completely anonymous telemetry regarding usage.
This information is used to shape Next.js' roadmap and prioritize features.
You can learn more, including how to opt-out if you'd not like to participate in this anonymous program, by visiting the following URL:
https://nextjs.org/telemetry

[默认主题] /app/themes/heo
 ✓ Ready in 1666ms
 ○ Compiling /middleware ...
 ✓ Compiled /middleware in 1757ms (215 modules)
 ○ Compiling / ...
 ✓ Compiled / in 30.5s (2898 modules)
 GET / 200 in 57894ms
 ✓ Compiled in 29.9s (2898 modules)
[API-->>请求] from:index id:24f4d291ba2c806c8850ddcb3fe8c012
[API<<--响应] 耗时:1059ms - from:index
[API-->>请求] from:config-table id:24f4d291-ba2c-8167-a29d-cbf5dd73aeae
[API<<--响应] 耗时:564ms - from:config-table
[API-->>请求] from:data-notice id:24f4d291-ba2c-8183-bdbc-d914b1a8816c
[API<<--响应] 耗时:277ms - from:data-notice
Warning: Invalid DOM property `imagesrcset`. Did you mean `imageSrcSet`?
    at link
    at head
    at Head (webpack-internal:///./node_modules/next/dist/pages/_document.js:308:1)
    at html
    at Html (webpack-internal:///./node_modules/next/dist/pages/_document.js:782:132)
    at MyDocument (webpack-internal:///./pages/_document.js:47:1)
Warning: Invalid DOM property `imagesizes`. Did you mean `imageSizes`?
    at link
    at head
    at Head (webpack-internal:///./node_modules/next/dist/pages/_document.js:308:1)
    at html
    at Html (webpack-internal:///./node_modules/next/dist/pages/_document.js:782:132)
    at MyDocument (webpack-internal:///./pages/_document.js:47:1)
[API-->>请求] from:index id:24f4d291ba2c806c8850ddcb3fe8c012
[API<<--响应] 耗时:1057ms - from:index
[API-->>请求] from:config-table id:24f4d291-ba2c-8167-a29d-cbf5dd73aeae
[API<<--响应] 耗时:338ms - from:config-table
[API-->>请求] from:data-notice id:24f4d291-ba2c-8183-bdbc-d914b1a8816c
[API<<--响应] 耗时:307ms - from:data-notice
 GET / 200 in 1907ms
[API-->>请求] from:index id:24f4d291ba2c806c8850ddcb3fe8c012
[API<<--响应] 耗时:865ms - from:index
[API-->>请求] from:config-table id:24f4d291-ba2c-8167-a29d-cbf5dd73aeae
[API<<--响应] 耗时:744ms - from:config-table
[API-->>请求] from:data-notice id:24f4d291-ba2c-8183-bdbc-d914b1a8816c
[API<<--响应] 耗时:306ms - from:data-notice
 GET / 200 in 2344ms
[API-->>请求] from:index id:24f4d291ba2c806c8850ddcb3fe8c012
[API<<--响应] 耗时:870ms - from:index
[API-->>请求] from:config-table id:24f4d291-ba2c-8167-a29d-cbf5dd73aeae
[API<<--响应] 耗时:333ms - from:config-table
[API-->>请求] from:data-notice id:24f4d291-ba2c-8183-bdbc-d914b1a8816c
[API<<--响应] 耗时:510ms - from:data-notice
 GET / 200 in 1972ms
[API-->>请求] from:index id:24f4d291ba2c806c8850ddcb3fe8c012
[API<<--响应] 耗时:1411ms - from:index
[API-->>请求] from:config-table id:24f4d291-ba2c-8167-a29d-cbf5dd73aeae
[API<<--响应] 耗时:988ms - from:config-table
[API-->>请求] from:data-notice id:24f4d291-ba2c-8183-bdbc-d914b1a8816c
[API<<--响应] 耗时:692ms - from:data-notice
 GET / 200 in 3301ms
[API-->>请求] from:index id:24f4d291ba2c806c8850ddcb3fe8c012
[API<<--响应] 耗时:1302ms - from:index
[API-->>请求] from:config-table id:24f4d291-ba2c-8167-a29d-cbf5dd73aeae
[API<<--响应] 耗时:356ms - from:config-table
[API-->>请求] from:data-notice id:24f4d291-ba2c-8183-bdbc-d914b1a8816c
[API<<--响应] 耗时:562ms - from:data-notice
 GET / 200 in 2383ms
[API-->>请求] from:index id:24f4d291ba2c806c8850ddcb3fe8c012
[API<<--响应] 耗时:793ms - from:index
[API-->>请求] from:config-table id:24f4d291-ba2c-8167-a29d-cbf5dd73aeae
[API<<--响应] 耗时:418ms - from:config-table
[API-->>请求] from:data-notice id:24f4d291-ba2c-8183-bdbc-d914b1a8816c
[API<<--响应] 耗时:292ms - from:data-notice
 GET / 200 in 1680ms
[API-->>请求] from:index id:24f4d291ba2c806c8850ddcb3fe8c012
[API<<--响应] 耗时:1015ms - from:index
[API-->>请求] from:config-table id:24f4d291-ba2c-8167-a29d-cbf5dd73aeae
[API<<--响应] 耗时:337ms - from:config-table
[API-->>请求] from:data-notice id:24f4d291-ba2c-8183-bdbc-d914b1a8816c
[API<<--响应] 耗时:300ms - from:data-notice
 GET / 200 in 1828ms
 ○ Compiling /[prefix]/[slug] ...
 ✓ Compiled /[prefix]/[slug] in 2s (2915 modules)
 GET /article/chinese-teens-coding 200 in 3218ms
[API-->>请求] from:slug-props-article/chinese-teens-coding id:24f4d291ba2c806c8850ddcb3fe8c012
[API<<--响应] 耗时:1127ms - from:slug-props-article/chinese-teens-coding
[API-->>请求] from:config-table id:24f4d291-ba2c-8167-a29d-cbf5dd73aeae
[API<<--响应] 耗时:395ms - from:config-table
[API-->>请求] from:data-notice id:24f4d291-ba2c-8183-bdbc-d914b1a8816c
[API<<--响应] 耗时:563ms - from:data-notice
[API-->>请求] from:slug-props-article/chinese-teens-coding id:24f4d291-ba2c-8136-9ed5-d7df281fc144
[API<<--响应] 耗时:346ms - from:slug-props-article/chinese-teens-coding
Warning: data for page "/[prefix]/[slug]" (path "/article/chinese-teens-coding") is 134 kB which exceeds the threshold of 128 kB, this amount of data can reduce performance.
See more info here: https://nextjs.org/docs/messages/large-page-data
 GET /_next/data/development/zh-CN/article/chinese-teens-coding.json?prefix=article&slug=chinese-teens-coding 200 in 2656ms
Algolia异常 {
  name: 'ApiError',
  message: 'Invalid Application-ID or API key',
  status: 403,
  transporterStackTrace: [
    {
      request: [Object],
      response: [Object],
      host: [Object],
      triesLeft: 3
    }
  ]
}
 ⚠ The "images.domains" configuration is deprecated. Please use "images.remotePatterns" configuration instead.
 ⨯ The requested resource isn't a valid image for /svg/not-by-ai/zh/Written-By-Human-Not-By-AI-Badge-white.svg received null
